[debug] [2023-02-23T06:36:19.559Z] ----------------------------------------------------------------------
[debug] [2023-02-23T06:36:19.563Z] Command:       /Users/reizhafajrian/.nvm/versions/node/v14.19.1/bin/node /Users/reizhafajrian/.nvm/versions/node/v14.19.1/bin/firebase deploy --only hosting
[debug] [2023-02-23T06:36:19.563Z] CLI Version:   11.10.0
[debug] [2023-02-23T06:36:19.563Z] Platform:      darwin
[debug] [2023-02-23T06:36:19.563Z] Node Version:  v14.19.1
[debug] [2023-02-23T06:36:19.577Z] Time:          Thu Feb 23 2023 13:36:19 GMT+0700 (Western Indonesia Time)
[debug] [2023-02-23T06:36:19.577Z] ----------------------------------------------------------------------
[debug] 
[debug] [2023-02-23T06:36:19.658Z] > command requires scopes: ["email","openid","https://www.googleapis.com/auth/cloudplatformprojects.readonly","https://www.googleapis.com/auth/firebase","https://www.googleapis.com/auth/cloud-platform"]
[debug] [2023-02-23T06:36:19.659Z] > authorizing via signed-in user (rifqyyusuf12@gmail.com)
[debug] [2023-02-23T06:36:19.659Z] [iam] checking project klamby-id for permissions ["firebase.projects.get","firebasehosting.sites.update"]
[debug] [2023-02-23T06:36:19.662Z] > refreshing access token with scopes: []
[debug] [2023-02-23T06:36:19.664Z] >>> [apiv2][query] POST https://www.googleapis.com/oauth2/v3/token [none]
[debug] [2023-02-23T06:36:19.665Z] >>> [apiv2][body] POST https://www.googleapis.com/oauth2/v3/token [omitted]
[debug] [2023-02-23T06:36:24.524Z] <<< [apiv2][status] POST https://www.googleapis.com/oauth2/v3/token 200
[debug] [2023-02-23T06:36:24.524Z] <<< [apiv2][body] POST https://www.googleapis.com/oauth2/v3/token [omitted]
[debug] [2023-02-23T06:36:24.586Z] >>> [apiv2][query] POST https://cloudresourcemanager.googleapis.com/v1/projects/klamby-id:testIamPermissions [none]
[debug] [2023-02-23T06:36:24.587Z] >>> [apiv2][(partial)header] POST https://cloudresourcemanager.googleapis.com/v1/projects/klamby-id:testIamPermissions x-goog-quota-user=projects/klamby-id
[debug] [2023-02-23T06:36:24.587Z] >>> [apiv2][body] POST https://cloudresourcemanager.googleapis.com/v1/projects/klamby-id:testIamPermissions {"permissions":["firebase.projects.get","firebasehosting.sites.update"]}
[debug] [2023-02-23T06:36:25.868Z] <<< [apiv2][status] POST https://cloudresourcemanager.googleapis.com/v1/projects/klamby-id:testIamPermissions 200
[debug] [2023-02-23T06:36:25.868Z] <<< [apiv2][body] POST https://cloudresourcemanager.googleapis.com/v1/projects/klamby-id:testIamPermissions {"permissions":["firebase.projects.get","firebasehosting.sites.update"]}
[debug] [2023-02-23T06:36:25.871Z] >>> [apiv2][query] GET https://firebase.googleapis.com/v1beta1/projects/klamby-id [none]
[debug] [2023-02-23T06:36:29.332Z] <<< [apiv2][status] GET https://firebase.googleapis.com/v1beta1/projects/klamby-id 200
[debug] [2023-02-23T06:36:29.333Z] <<< [apiv2][body] GET https://firebase.googleapis.com/v1beta1/projects/klamby-id {"projectId":"klamby-id","projectNumber":"283207627739","displayName":"klamby-id","name":"projects/klamby-id","resources":{"hostingSite":"klamby-id"},"state":"ACTIVE","etag":"1_0111f168-1463-42f0-acae-0a0a37eddd8b"}
[info] 
[info] === Deploying to 'klamby-id'...
[info] 
[info] i  deploying hosting 
[debug] [2023-02-23T06:36:29.337Z] >>> [apiv2][query] GET https://firebase.googleapis.com/v1beta1/projects/klamby-id [none]
[debug] [2023-02-23T06:36:31.861Z] <<< [apiv2][status] GET https://firebase.googleapis.com/v1beta1/projects/klamby-id 200
[debug] [2023-02-23T06:36:31.861Z] <<< [apiv2][body] GET https://firebase.googleapis.com/v1beta1/projects/klamby-id {"projectId":"klamby-id","projectNumber":"283207627739","displayName":"klamby-id","name":"projects/klamby-id","resources":{"hostingSite":"klamby-id"},"state":"ACTIVE","etag":"1_0111f168-1463-42f0-acae-0a0a37eddd8b"}
[debug] [2023-02-23T06:36:31.865Z] >>> [apiv2][query] POST https://firebasehosting.googleapis.com/v1beta1/projects/283207627739/sites/klamby-id/versions [none]
[debug] [2023-02-23T06:36:31.866Z] >>> [apiv2][body] POST https://firebasehosting.googleapis.com/v1beta1/projects/283207627739/sites/klamby-id/versions {"config":{"rewrites":[{"glob":"**","path":"/index.html"}]},"labels":{"deployment-tool":"cli-firebase"}}
[debug] [2023-02-23T06:36:41.408Z] <<< [apiv2][status] POST https://firebasehosting.googleapis.com/v1beta1/projects/283207627739/sites/klamby-id/versions 200
[debug] [2023-02-23T06:36:41.409Z] <<< [apiv2][body] POST https://firebasehosting.googleapis.com/v1beta1/projects/283207627739/sites/klamby-id/versions {"name":"projects/283207627739/sites/klamby-id/versions/c2f10680a4d5302a","status":"CREATED","config":{"rewrites":[{"glob":"**","path":"/index.html"}]},"labels":{"deployment-tool":"cli-firebase"}}
[info] i  hosting[klamby-id]: beginning deploy... 
[info] i  hosting[klamby-id]: found 16 files in build 
[debug] [2023-02-23T06:36:41.427Z] [hosting] uploading with 200 concurrency
[debug] [2023-02-23T06:36:42.162Z] [hosting] hash cache [YnVpbGQ] stored for 16 files
[debug] [2023-02-23T06:36:42.162Z] [hosting][hash queue][FINAL] {"max":720,"min":10,"avg":57.4375,"active":0,"complete":16,"success":16,"errored":0,"retried":0,"total":16,"elapsed":729}
[debug] [2023-02-23T06:36:42.163Z] >>> [apiv2][query] POST https://firebasehosting.googleapis.com/v1beta1/projects/283207627739/sites/klamby-id/versions/c2f10680a4d5302a:populateFiles [none]
[debug] [2023-02-23T06:36:42.163Z] >>> [apiv2][body] POST https://firebasehosting.googleapis.com/v1beta1/projects/283207627739/sites/klamby-id/versions/c2f10680a4d5302a:populateFiles {"files":{"/asset-manifest.json":"48760affe5749974ba4e52593f9cb7ae787de64bbafe0d9eba139c9522c61cf6","/404.html":"05cbc6f94d7a69ce2e29646eab13be2c884e61ba93e3094df5028866876d18b3","/favicon.ico":"b72f7455f00e4e58792d2bca892abb068e2213838c0316d6b7a0d6d16acd1955","/logoklamby.png":"f50d392a1b21990252121a02c59c1a3a72d6c3e05840958f2529007d5dbc8f5f","/logo192.png":"caff018b7f1e8fd481eb1c50d75b0ef236bcd5078b1d15c8bb348453fee30293","/logo512.png":"191fc21360b4ccfb1cda11a1efb97f489ed22672ca83f4064316802bbfdd750e","/manifest.json":"341d52628782f8ac9290bbfc43298afccb47b7cbfcee146ae30cf0f46bc30900","/robots.txt":"391d14b3c2f8c9143a27a28c7399585142228d4d1bdbe2c87ac946de411fa9a2","/static/css/main.e6c13ad2.css":"3e50f5e92915159fd2c8de23f1536cfb9f445223478cfa70edb3a6fbfe5dbf03","/static/css/main.e6c13ad2.css.map":"d99304e41fcd2e6d3aadd9df8d45fbb4b7935a1f7a03b1a272a8f0477725a7fa","/static/js/main.3145c4b4.js.LICENSE.txt":"0e6c7169dd2a55d39d897eb058f9cbc66ab9364317d6fd90f0ffb1b667390389","/static/js/787.f55c6412.chunk.js":"80b8b814df558397d592fe1b30c1658d969e7a3587283e7c981c8b44bb6db45b","/index.html":"e6df79a4406fc15c002ca029b46d1f6e11dd63d477d21f3f3d505497ccbd6c3c","/static/js/787.f55c6412.chunk.js.map":"ab324d8773bba8cfc6b00035c44379f926d2365156785e45360882ca614242c7","/static/js/main.3145c4b4.js":"982e5abf275b2bd7f48732bb8b4497e7ecb8232f816d33416b99ac32262493ee","/static/js/main.3145c4b4.js.map":"c820eb1a44b590f32e7c27f267847b3521642c3bd65883b9d237ec50678badb9"}}
[debug] [2023-02-23T06:36:43.251Z] <<< [apiv2][status] POST https://firebasehosting.googleapis.com/v1beta1/projects/283207627739/sites/klamby-id/versions/c2f10680a4d5302a:populateFiles 200
[debug] [2023-02-23T06:36:43.252Z] <<< [apiv2][body] POST https://firebasehosting.googleapis.com/v1beta1/projects/283207627739/sites/klamby-id/versions/c2f10680a4d5302a:populateFiles {"uploadRequiredHashes":["e6df79a4406fc15c002ca029b46d1f6e11dd63d477d21f3f3d505497ccbd6c3c","982e5abf275b2bd7f48732bb8b4497e7ecb8232f816d33416b99ac32262493ee","c820eb1a44b590f32e7c27f267847b3521642c3bd65883b9d237ec50678badb9","48760affe5749974ba4e52593f9cb7ae787de64bbafe0d9eba139c9522c61cf6"],"uploadUrl":"https://upload-firebasehosting.googleapis.com/upload/sites/klamby-id/versions/c2f10680a4d5302a/files"}
[debug] [2023-02-23T06:36:43.253Z] >>> [apiv2][query] POST https://upload-firebasehosting.googleapis.com/upload/sites/klamby-id/versions/c2f10680a4d5302a/files/e6df79a4406fc15c002ca029b46d1f6e11dd63d477d21f3f3d505497ccbd6c3c [none]
[debug] [2023-02-23T06:36:43.253Z] >>> [apiv2][body] POST https://upload-firebasehosting.googleapis.com/upload/sites/klamby-id/versions/c2f10680a4d5302a/files/e6df79a4406fc15c002ca029b46d1f6e11dd63d477d21f3f3d505497ccbd6c3c [stream]
[debug] [2023-02-23T06:36:43.255Z] >>> [apiv2][query] POST https://upload-firebasehosting.googleapis.com/upload/sites/klamby-id/versions/c2f10680a4d5302a/files/982e5abf275b2bd7f48732bb8b4497e7ecb8232f816d33416b99ac32262493ee [none]
[debug] [2023-02-23T06:36:43.255Z] >>> [apiv2][body] POST https://upload-firebasehosting.googleapis.com/upload/sites/klamby-id/versions/c2f10680a4d5302a/files/982e5abf275b2bd7f48732bb8b4497e7ecb8232f816d33416b99ac32262493ee [stream]
[debug] [2023-02-23T06:36:43.256Z] >>> [apiv2][query] POST https://upload-firebasehosting.googleapis.com/upload/sites/klamby-id/versions/c2f10680a4d5302a/files/c820eb1a44b590f32e7c27f267847b3521642c3bd65883b9d237ec50678badb9 [none]
[debug] [2023-02-23T06:36:43.256Z] >>> [apiv2][body] POST https://upload-firebasehosting.googleapis.com/upload/sites/klamby-id/versions/c2f10680a4d5302a/files/c820eb1a44b590f32e7c27f267847b3521642c3bd65883b9d237ec50678badb9 [stream]
[debug] [2023-02-23T06:36:43.258Z] >>> [apiv2][query] POST https://upload-firebasehosting.googleapis.com/upload/sites/klamby-id/versions/c2f10680a4d5302a/files/48760affe5749974ba4e52593f9cb7ae787de64bbafe0d9eba139c9522c61cf6 [none]
[debug] [2023-02-23T06:36:43.258Z] >>> [apiv2][body] POST https://upload-firebasehosting.googleapis.com/upload/sites/klamby-id/versions/c2f10680a4d5302a/files/48760affe5749974ba4e52593f9cb7ae787de64bbafe0d9eba139c9522c61cf6 [stream]
[debug] [2023-02-23T06:36:43.259Z] [hosting][populate queue][FINAL] {"max":1094,"min":1094,"avg":1094,"active":0,"complete":1,"success":1,"errored":0,"retried":0,"total":1,"elapsed":1100}
[debug] [2023-02-23T06:36:43.259Z] [hosting] uploads queued: 4
[debug] [2023-02-23T06:36:47.947Z] <<< [apiv2][status] POST https://upload-firebasehosting.googleapis.com/upload/sites/klamby-id/versions/c2f10680a4d5302a/files/e6df79a4406fc15c002ca029b46d1f6e11dd63d477d21f3f3d505497ccbd6c3c 200
[debug] [2023-02-23T06:36:47.947Z] <<< [apiv2][body] POST https://upload-firebasehosting.googleapis.com/upload/sites/klamby-id/versions/c2f10680a4d5302a/files/e6df79a4406fc15c002ca029b46d1f6e11dd63d477d21f3f3d505497ccbd6c3c [stream]
[debug] [2023-02-23T06:36:50.069Z] <<< [apiv2][status] POST https://upload-firebasehosting.googleapis.com/upload/sites/klamby-id/versions/c2f10680a4d5302a/files/48760affe5749974ba4e52593f9cb7ae787de64bbafe0d9eba139c9522c61cf6 200
[debug] [2023-02-23T06:36:50.070Z] <<< [apiv2][body] POST https://upload-firebasehosting.googleapis.com/upload/sites/klamby-id/versions/c2f10680a4d5302a/files/48760affe5749974ba4e52593f9cb7ae787de64bbafe0d9eba139c9522c61cf6 [stream]
[debug] [2023-02-23T06:36:53.457Z] [uploadQueue] Retrying task 982e5abf275b2bd7f48732bb8b4497e7ecb8232f816d33416b99ac32262493ee
[debug] [2023-02-23T06:36:53.458Z] >>> [apiv2][query] POST https://upload-firebasehosting.googleapis.com/upload/sites/klamby-id/versions/c2f10680a4d5302a/files/982e5abf275b2bd7f48732bb8b4497e7ecb8232f816d33416b99ac32262493ee [none]
[debug] [2023-02-23T06:36:53.458Z] >>> [apiv2][body] POST https://upload-firebasehosting.googleapis.com/upload/sites/klamby-id/versions/c2f10680a4d5302a/files/982e5abf275b2bd7f48732bb8b4497e7ecb8232f816d33416b99ac32262493ee [stream]
[debug] [2023-02-23T06:37:24.262Z] [uploadQueue] Retrying task 982e5abf275b2bd7f48732bb8b4497e7ecb8232f816d33416b99ac32262493ee
[debug] [2023-02-23T06:37:24.263Z] >>> [apiv2][query] POST https://upload-firebasehosting.googleapis.com/upload/sites/klamby-id/versions/c2f10680a4d5302a/files/982e5abf275b2bd7f48732bb8b4497e7ecb8232f816d33416b99ac32262493ee [none]
[debug] [2023-02-23T06:37:24.264Z] >>> [apiv2][body] POST https://upload-firebasehosting.googleapis.com/upload/sites/klamby-id/versions/c2f10680a4d5302a/files/982e5abf275b2bd7f48732bb8b4497e7ecb8232f816d33416b99ac32262493ee [stream]
[debug] [2023-02-23T06:37:55.870Z] [uploadQueue] Retrying task 982e5abf275b2bd7f48732bb8b4497e7ecb8232f816d33416b99ac32262493ee
[debug] [2023-02-23T06:37:55.872Z] >>> [apiv2][query] POST https://upload-firebasehosting.googleapis.com/upload/sites/klamby-id/versions/c2f10680a4d5302a/files/982e5abf275b2bd7f48732bb8b4497e7ecb8232f816d33416b99ac32262493ee [none]
[debug] [2023-02-23T06:37:55.872Z] >>> [apiv2][body] POST https://upload-firebasehosting.googleapis.com/upload/sites/klamby-id/versions/c2f10680a4d5302a/files/982e5abf275b2bd7f48732bb8b4497e7ecb8232f816d33416b99ac32262493ee [stream]
[debug] [2023-02-23T06:42:42.050Z] [uploadQueue] Retrying task c820eb1a44b590f32e7c27f267847b3521642c3bd65883b9d237ec50678badb9
[debug] [2023-02-23T06:42:42.051Z] >>> [apiv2][query] POST https://upload-firebasehosting.googleapis.com/upload/sites/klamby-id/versions/c2f10680a4d5302a/files/c820eb1a44b590f32e7c27f267847b3521642c3bd65883b9d237ec50678badb9 [none]
[debug] [2023-02-23T06:42:42.051Z] >>> [apiv2][body] POST https://upload-firebasehosting.googleapis.com/upload/sites/klamby-id/versions/c2f10680a4d5302a/files/c820eb1a44b590f32e7c27f267847b3521642c3bd65883b9d237ec50678badb9 [stream]
[debug] [2023-02-23T06:42:42.855Z] [uploadQueue] Retrying task c820eb1a44b590f32e7c27f267847b3521642c3bd65883b9d237ec50678badb9
[debug] [2023-02-23T06:42:42.855Z] >>> [apiv2][query] POST https://upload-firebasehosting.googleapis.com/upload/sites/klamby-id/versions/c2f10680a4d5302a/files/c820eb1a44b590f32e7c27f267847b3521642c3bd65883b9d237ec50678badb9 [none]
[debug] [2023-02-23T06:42:42.856Z] >>> [apiv2][body] POST https://upload-firebasehosting.googleapis.com/upload/sites/klamby-id/versions/c2f10680a4d5302a/files/c820eb1a44b590f32e7c27f267847b3521642c3bd65883b9d237ec50678badb9 [stream]
[debug] [2023-02-23T06:42:44.084Z] [uploadQueue] Retrying task 982e5abf275b2bd7f48732bb8b4497e7ecb8232f816d33416b99ac32262493ee
[debug] [2023-02-23T06:42:44.084Z] >>> [apiv2][query] POST https://upload-firebasehosting.googleapis.com/upload/sites/klamby-id/versions/c2f10680a4d5302a/files/982e5abf275b2bd7f48732bb8b4497e7ecb8232f816d33416b99ac32262493ee [none]
[debug] [2023-02-23T06:42:44.085Z] >>> [apiv2][body] POST https://upload-firebasehosting.googleapis.com/upload/sites/klamby-id/versions/c2f10680a4d5302a/files/982e5abf275b2bd7f48732bb8b4497e7ecb8232f816d33416b99ac32262493ee [stream]
[debug] [2023-02-23T06:42:44.460Z] [uploadQueue] Retrying task c820eb1a44b590f32e7c27f267847b3521642c3bd65883b9d237ec50678badb9
[debug] [2023-02-23T06:42:44.461Z] >>> [apiv2][query] POST https://upload-firebasehosting.googleapis.com/upload/sites/klamby-id/versions/c2f10680a4d5302a/files/c820eb1a44b590f32e7c27f267847b3521642c3bd65883b9d237ec50678badb9 [none]
[debug] [2023-02-23T06:42:44.461Z] >>> [apiv2][body] POST https://upload-firebasehosting.googleapis.com/upload/sites/klamby-id/versions/c2f10680a4d5302a/files/c820eb1a44b590f32e7c27f267847b3521642c3bd65883b9d237ec50678badb9 [stream]
[debug] [2023-02-23T06:42:47.668Z] [uploadQueue] Retrying task c820eb1a44b590f32e7c27f267847b3521642c3bd65883b9d237ec50678badb9
[debug] [2023-02-23T06:42:47.668Z] >>> [apiv2][query] POST https://upload-firebasehosting.googleapis.com/upload/sites/klamby-id/versions/c2f10680a4d5302a/files/c820eb1a44b590f32e7c27f267847b3521642c3bd65883b9d237ec50678badb9 [none]
[debug] [2023-02-23T06:42:47.668Z] >>> [apiv2][body] POST https://upload-firebasehosting.googleapis.com/upload/sites/klamby-id/versions/c2f10680a4d5302a/files/c820eb1a44b590f32e7c27f267847b3521642c3bd65883b9d237ec50678badb9 [stream]
[debug] [2023-02-23T06:42:50.488Z] [uploadQueue] Retrying task 982e5abf275b2bd7f48732bb8b4497e7ecb8232f816d33416b99ac32262493ee
[debug] [2023-02-23T06:42:50.489Z] >>> [apiv2][query] POST https://upload-firebasehosting.googleapis.com/upload/sites/klamby-id/versions/c2f10680a4d5302a/files/982e5abf275b2bd7f48732bb8b4497e7ecb8232f816d33416b99ac32262493ee [none]
[debug] [2023-02-23T06:42:50.489Z] >>> [apiv2][body] POST https://upload-firebasehosting.googleapis.com/upload/sites/klamby-id/versions/c2f10680a4d5302a/files/982e5abf275b2bd7f48732bb8b4497e7ecb8232f816d33416b99ac32262493ee [stream]
[debug] [2023-02-23T06:42:52.157Z] <<< [apiv2][status] POST https://upload-firebasehosting.googleapis.com/upload/sites/klamby-id/versions/c2f10680a4d5302a/files/982e5abf275b2bd7f48732bb8b4497e7ecb8232f816d33416b99ac32262493ee 200
[debug] [2023-02-23T06:42:52.157Z] <<< [apiv2][body] POST https://upload-firebasehosting.googleapis.com/upload/sites/klamby-id/versions/c2f10680a4d5302a/files/982e5abf275b2bd7f48732bb8b4497e7ecb8232f816d33416b99ac32262493ee [stream]
[debug] [2023-02-23T06:45:06.430Z] [uploadQueue] Retrying task c820eb1a44b590f32e7c27f267847b3521642c3bd65883b9d237ec50678badb9
[debug] [2023-02-23T06:45:06.432Z] >>> [apiv2][query] POST https://upload-firebasehosting.googleapis.com/upload/sites/klamby-id/versions/c2f10680a4d5302a/files/c820eb1a44b590f32e7c27f267847b3521642c3bd65883b9d237ec50678badb9 [none]
[debug] [2023-02-23T06:45:06.432Z] >>> [apiv2][body] POST https://upload-firebasehosting.googleapis.com/upload/sites/klamby-id/versions/c2f10680a4d5302a/files/c820eb1a44b590f32e7c27f267847b3521642c3bd65883b9d237ec50678badb9 [stream]
